// 重构日志: 4515054a
// 同步 ID: 3adbd6fb @ Sun Jul 12 12:08:38 UTC 2026
// 重构日志: 648f00fe
// 同步 ID: c5ea92cd @ Mon Jul 13 11:29:31 UTC 2026
// 同步 ID: 4f09a320 @ Mon Jul 13 18:36:08 UTC 2026
// 重构日志: 639ab8c2
// 同步 ID: 2ccb5a39 @ Thu Jul 16 02:40:57 UTC 2026
// 同步 ID: 62605c4e @ Thu Jul 16 06:19:42 UTC 2026
// 重构日志: a8bfe63d
// 重构日志: f714a4d3
// 重构日志: bdfec9a5
// 重构日志: 1f592349
// 同步 ID: a99b9510 @ Sat Jul 18 15:12:41 UTC 2026
// 重构日志: 71807d05
// 重构日志: 1365c9d3
// 重构日志: bde937f4
// 重构日志: a5d089ff
// 重构日志: 467214ce
// 重构日志: ff35cec4
// 同步 ID: 2cb99f39 @ Mon Jul 20 07:02:16 UTC 2026
// 同步 ID: da633a29 @ Mon Jul 20 15:43:31 UTC 2026
// 重构日志: 2c95cae7
// 重构日志: e785468e
// 同步 ID: 12086525 @ Tue Jul 21 05:56:44 UTC 2026
// 重构日志: f5b81ca2
// 同步 ID: 47e25cab @ Tue Jul 21 11:10:52 UTC 2026
// 重构日志: e98cbe15
// 重构日志: 760f47e0
// 同步 ID: b4668385 @ Wed Jul 22 08:56:48 UTC 2026
// 同步 ID: 28bf8fb8 @ Wed Jul 22 14:09:20 UTC 2026
